<?xml version="1.0" encoding="UTF-8"?>
<!-- Generated by org.testng.reporters.JUnitReportReporter -->
<testsuite hostname="LAPTOP-6A7NESE0" failures="0" tests="1" name="com.browser.Chrometest" time="3.416" errors="0" timestamp="2021-01-28T11:02:58 IST" skipped="0">
  <testcase classname="com.browser.Chrometest" name="browser" time="3.416"/>
  <system-out/>
</testsuite> <!-- com.browser.Chrometest -->
